2016-03-01 10:00:15,163 - Trying to use logger class org.apache.velocity.runtime.log.Log4JLogChute
2016-03-01 10:00:15,163 - Using logger class org.apache.velocity.runtime.log.Log4JLogChute
2016-03-01 10:00:15,166 - Default ResourceManager initializing. (class org.apache.velocity.runtime.resource.ResourceManagerImpl)
2016-03-01 10:00:15,170 - ResourceLoader instantiated: org.apache.velocity.runtime.resource.loader.FileResourceLoader
2016-03-01 10:00:15,171 - Do unicode file recognition:  false
2016-03-01 10:00:15,171 - FileResourceLoader : adding path '.'
2016-03-01 10:00:15,185 - ResourceCache: initialized (class org.apache.velocity.runtime.resource.ResourceCacheImpl)
2016-03-01 10:00:15,186 - Loaded System Directive: org.apache.velocity.runtime.directive.Literal
2016-03-01 10:00:15,187 - Loaded System Directive: org.apache.velocity.runtime.directive.Macro
2016-03-01 10:00:15,188 - Loaded System Directive: org.apache.velocity.runtime.directive.Parse
2016-03-01 10:00:15,189 - Loaded System Directive: org.apache.velocity.runtime.directive.Include
2016-03-01 10:00:15,190 - Loaded System Directive: org.apache.velocity.runtime.directive.Foreach
2016-03-01 10:00:15,244 - Created '20' parsers.
2016-03-01 10:00:15,251 - Velocimacro : "velocimacro.library" is not set.  Trying default library: VM_global_library.vm
2016-03-01 10:00:15,252 - Velocimacro : Default library not found.
2016-03-01 10:00:15,252 - Velocimacro : allowInline = true : VMs can be defined inline in templates
2016-03-01 10:00:15,252 - Velocimacro : allowInlineToOverride = false : VMs defined inline may NOT replace previous VM definitions
2016-03-01 10:00:15,252 - Velocimacro : allowInlineLocal = false : VMs defined inline will be global in scope if allowed.
2016-03-01 10:00:15,252 - Velocimacro : autoload off : VM system will not automatically reload global library macros
2016-03-01 10:00:15,267 - Null reference [template 'GC', line 8, column 35] : ${getMappingInfoType} cannot be resolved.
2016-03-01 10:00:15,272 - Null reference [template 'GC', line 12, column 38] : ${hotel.id} cannot be resolved.
2016-03-01 10:03:34,901 - Log4JLogChute initialized using file 'velocity.log'
2016-03-01 10:03:34,902 - Starting Apache Velocity v1.5 (compiled: 2007-02-22 08:52:29)
2016-03-01 10:03:34,902 - Default Properties File: org/apache/velocity/runtime/defaults/velocity.properties
2016-03-01 10:03:34,902 - Trying to use logger class org.apache.velocity.runtime.log.AvalonLogChute
2016-03-01 10:03:34,903 - Couldn't find class org.apache.velocity.runtime.log.AvalonLogChute or necessary supporting classes in classpath.
java.lang.NoClassDefFoundError: org/apache/log/format/Formatter
	at java.lang.Class.forName0(Native Method)
	at java.lang.Class.forName(Class.java:270)
	at org.apache.velocity.util.ClassUtils.getClass(ClassUtils.java:63)
	at org.apache.velocity.util.ClassUtils.getNewInstance(ClassUtils.java:95)
	at org.apache.velocity.runtime.log.LogManager.createLogChute(LogManager.java:147)
	at org.apache.velocity.runtime.log.LogManager.updateLog(LogManager.java:208)
	at org.apache.velocity.runtime.RuntimeInstance.initializeLog(RuntimeInstance.java:728)
	at org.apache.velocity.runtime.RuntimeInstance.init(RuntimeInstance.java:240)
	at org.apache.velocity.runtime.RuntimeSingleton.init(RuntimeSingleton.java:113)
	at org.apache.velocity.app.Velocity.init(Velocity.java:83)
	at com.zizaike.core.common.util.http.VelocityUtils.getSOAPRequest(VelocityUtils.java:100)
	at com.zizaike.core.common.util.http.SoapFastUtil.post(SoapFastUtil.java:51)
	at com.zizaike.open.service.CtripConnectionTest.getHotelInfo(CtripConnectionTest.java:214)
	at sun.reflect.NativeMethodAccessorImpl.invoke0(Native Method)
	at sun.reflect.NativeMethodAccessorImpl.invoke(NativeMethodAccessorImpl.java:57)
	at sun.reflect.DelegatingMethodAccessorImpl.invoke(DelegatingMethodAccessorImpl.java:43)
	at java.lang.reflect.Method.invoke(Method.java:606)
	at org.testng.internal.MethodInvocationHelper.invokeMethod(MethodInvocationHelper.java:84)
	at org.testng.internal.MethodInvocationHelper$1.runTestMethod(MethodInvocationHelper.java:200)
	at org.springframework.test.context.testng.AbstractTestNGSpringContextTests.run(AbstractTestNGSpringContextTests.java:172)
	at sun.reflect.NativeMethodAccessorImpl.invoke0(Native Method)
	at sun.reflect.NativeMethodAccessorImpl.invoke(NativeMethodAccessorImpl.java:57)
	at sun.reflect.DelegatingMethodAccessorImpl.invoke(DelegatingMethodAccessorImpl.java:43)
	at java.lang.reflect.Method.invoke(Method.java:606)
	at org.testng.internal.MethodInvocationHelper.invokeHookable(MethodInvocationHelper.java:212)
	at org.testng.internal.Invoker.invokeMethod(Invoker.java:707)
	at org.testng.internal.Invoker.invokeTestMethod(Invoker.java:901)
	at org.testng.internal.Invoker.invokeTestMethods(Invoker.java:1231)
	at org.testng.internal.TestMethodWorker.invokeTestMethods(TestMethodWorker.java:127)
	at org.testng.internal.TestMethodWorker.run(TestMethodWorker.java:111)
	at org.testng.TestRunner.privateRun(TestRunner.java:767)
	at org.testng.TestRunner.run(TestRunner.java:617)
	at org.testng.SuiteRunner.runTest(SuiteRunner.java:334)
	at org.testng.SuiteRunner.runSequentially(SuiteRunner.java:329)
	at org.testng.SuiteRunner.privateRun(SuiteRunner.java:291)
	at org.testng.SuiteRunner.run(SuiteRunner.java:240)
	at org.testng.SuiteRunnerWorker.runSuite(SuiteRunnerWorker.java:52)
	at org.testng.SuiteRunnerWorker.run(SuiteRunnerWorker.java:86)
	at org.testng.TestNG.runSuitesSequentially(TestNG.java:1224)
	at org.testng.TestNG.runSuitesLocally(TestNG.java:1149)
	at org.testng.TestNG.run(TestNG.java:1057)
	at org.testng.remote.RemoteTestNG.run(RemoteTestNG.java:111)
	at org.testng.remote.RemoteTestNG.initAndRun(RemoteTestNG.java:204)
	at org.testng.remote.RemoteTestNG.main(RemoteTestNG.java:175)
Caused by: java.lang.ClassNotFoundException: org.apache.log.format.Formatter
	at java.net.URLClassLoader$1.run(URLClassLoader.java:366)
	at java.net.URLClassLoader$1.run(URLClassLoader.java:355)
	at java.security.AccessController.doPrivileged(Native Method)
	at java.net.URLClassLoader.findClass(URLClassLoader.java:354)
	at java.lang.ClassLoader.loadClass(ClassLoader.java:425)
	at sun.misc.Launcher$AppClassLoader.loadClass(Launcher.java:308)
	at java.lang.ClassLoader.loadClass(ClassLoader.java:358)
	... 44 more
2016-03-01 10:03:34,905 - Trying to use logger class org.apache.velocity.runtime.log.Log4JLogChute
2016-03-01 10:03:34,905 - Using logger class org.apache.velocity.runtime.log.Log4JLogChute
2016-03-01 10:03:34,907 - Default ResourceManager initializing. (class org.apache.velocity.runtime.resource.ResourceManagerImpl)
2016-03-01 10:03:34,909 - ResourceLoader instantiated: org.apache.velocity.runtime.resource.loader.FileResourceLoader
2016-03-01 10:03:34,910 - Do unicode file recognition:  false
2016-03-01 10:03:34,910 - FileResourceLoader : adding path '.'
2016-03-01 10:03:34,921 - ResourceCache: initialized (class org.apache.velocity.runtime.resource.ResourceCacheImpl)
2016-03-01 10:03:34,922 - Loaded System Directive: org.apache.velocity.runtime.directive.Literal
2016-03-01 10:03:34,923 - Loaded System Directive: org.apache.velocity.runtime.directive.Macro
2016-03-01 10:03:34,924 - Loaded System Directive: org.apache.velocity.runtime.directive.Parse
2016-03-01 10:03:34,925 - Loaded System Directive: org.apache.velocity.runtime.directive.Include
2016-03-01 10:03:34,926 - Loaded System Directive: org.apache.velocity.runtime.directive.Foreach
2016-03-01 10:03:34,945 - Created '20' parsers.
2016-03-01 10:03:34,950 - Velocimacro : "velocimacro.library" is not set.  Trying default library: VM_global_library.vm
2016-03-01 10:03:34,950 - Velocimacro : Default library not found.
2016-03-01 10:03:34,950 - Velocimacro : allowInline = true : VMs can be defined inline in templates
2016-03-01 10:03:34,950 - Velocimacro : allowInlineToOverride = false : VMs defined inline may NOT replace previous VM definitions
2016-03-01 10:03:34,950 - Velocimacro : allowInlineLocal = false : VMs defined inline will be global in scope if allowed.
2016-03-01 10:03:34,950 - Velocimacro : autoload off : VM system will not automatically reload global library macros
2016-03-01 10:04:40,301 - Log4JLogChute initialized using file 'velocity.log'
2016-03-01 10:04:40,302 - Starting Apache Velocity v1.5 (compiled: 2007-02-22 08:52:29)
2016-03-01 10:04:40,302 - Default Properties File: org/apache/velocity/runtime/defaults/velocity.properties
2016-03-01 10:04:40,302 - Trying to use logger class org.apache.velocity.runtime.log.AvalonLogChute
2016-03-01 10:04:40,303 - Couldn't find class org.apache.velocity.runtime.log.AvalonLogChute or necessary supporting classes in classpath.
java.lang.NoClassDefFoundError: org/apache/log/format/Formatter
	at java.lang.Class.forName0(Native Method)
	at java.lang.Class.forName(Class.java:270)
	at org.apache.velocity.util.ClassUtils.getClass(ClassUtils.java:63)
	at org.apache.velocity.util.ClassUtils.getNewInstance(ClassUtils.java:95)
	at org.apache.velocity.runtime.log.LogManager.createLogChute(LogManager.java:147)
	at org.apache.velocity.runtime.log.LogManager.updateLog(LogManager.java:208)
	at org.apache.velocity.runtime.RuntimeInstance.initializeLog(RuntimeInstance.java:728)
	at org.apache.velocity.runtime.RuntimeInstance.init(RuntimeInstance.java:240)
	at org.apache.velocity.runtime.RuntimeSingleton.init(RuntimeSingleton.java:113)
	at org.apache.velocity.app.Velocity.init(Velocity.java:83)
	at com.zizaike.core.common.util.http.VelocityUtils.getSOAPRequest(VelocityUtils.java:100)
	at com.zizaike.core.common.util.http.SoapFastUtil.post(SoapFastUtil.java:51)
	at com.zizaike.open.service.CtripConnectionTest.getHotelInfo(CtripConnectionTest.java:214)
	at sun.reflect.NativeMethodAccessorImpl.invoke0(Native Method)
	at sun.reflect.NativeMethodAccessorImpl.invoke(NativeMethodAccessorImpl.java:57)
	at sun.reflect.DelegatingMethodAccessorImpl.invoke(DelegatingMethodAccessorImpl.java:43)
	at java.lang.reflect.Method.invoke(Method.java:606)
	at org.testng.internal.MethodInvocationHelper.invokeMethod(MethodInvocationHelper.java:84)
	at org.testng.internal.MethodInvocationHelper$1.runTestMethod(MethodInvocationHelper.java:200)
	at org.springframework.test.context.testng.AbstractTestNGSpringContextTests.run(AbstractTestNGSpringContextTests.java:172)
	at sun.reflect.NativeMethodAccessorImpl.invoke0(Native Method)
	at sun.reflect.NativeMethodAccessorImpl.invoke(NativeMethodAccessorImpl.java:57)
	at sun.reflect.DelegatingMethodAccessorImpl.invoke(DelegatingMethodAccessorImpl.java:43)
	at java.lang.reflect.Method.invoke(Method.java:606)
	at org.testng.internal.MethodInvocationHelper.invokeHookable(MethodInvocationHelper.java:212)
	at org.testng.internal.Invoker.invokeMethod(Invoker.java:707)
	at org.testng.internal.Invoker.invokeTestMethod(Invoker.java:901)
	at org.testng.internal.Invoker.invokeTestMethods(Invoker.java:1231)
	at org.testng.internal.TestMethodWorker.invokeTestMethods(TestMethodWorker.java:127)
	at org.testng.internal.TestMethodWorker.run(TestMethodWorker.java:111)
	at org.testng.TestRunner.privateRun(TestRunner.java:767)
	at org.testng.TestRunner.run(TestRunner.java:617)
	at org.testng.SuiteRunner.runTest(SuiteRunner.java:334)
	at org.testng.SuiteRunner.runSequentially(SuiteRunner.java:329)
	at org.testng.SuiteRunner.privateRun(SuiteRunner.java:291)
	at org.testng.SuiteRunner.run(SuiteRunner.java:240)
	at org.testng.SuiteRunnerWorker.runSuite(SuiteRunnerWorker.java:52)
	at org.testng.SuiteRunnerWorker.run(SuiteRunnerWorker.java:86)
	at org.testng.TestNG.runSuitesSequentially(TestNG.java:1224)
	at org.testng.TestNG.runSuitesLocally(TestNG.java:1149)
	at org.testng.TestNG.run(TestNG.java:1057)
	at org.testng.remote.RemoteTestNG.run(RemoteTestNG.java:111)
	at org.testng.remote.RemoteTestNG.initAndRun(RemoteTestNG.java:204)
	at org.testng.remote.RemoteTestNG.main(RemoteTestNG.java:175)
Caused by: java.lang.ClassNotFoundException: org.apache.log.format.Formatter
	at java.net.URLClassLoader$1.run(URLClassLoader.java:366)
	at java.net.URLClassLoader$1.run(URLClassLoader.java:355)
	at java.security.AccessController.doPrivileged(Native Method)
	at java.net.URLClassLoader.findClass(URLClassLoader.java:354)
	at java.lang.ClassLoader.loadClass(ClassLoader.java:425)
	at sun.misc.Launcher$AppClassLoader.loadClass(Launcher.java:308)
	at java.lang.ClassLoader.loadClass(ClassLoader.java:358)
	... 44 more
2016-03-01 10:04:40,304 - Trying to use logger class org.apache.velocity.runtime.log.Log4JLogChute
2016-03-01 10:04:40,304 - Using logger class org.apache.velocity.runtime.log.Log4JLogChute
2016-03-01 10:04:40,306 - Default ResourceManager initializing. (class org.apache.velocity.runtime.resource.ResourceManagerImpl)
2016-03-01 10:04:40,308 - ResourceLoader instantiated: org.apache.velocity.runtime.resource.loader.FileResourceLoader
2016-03-01 10:04:40,309 - Do unicode file recognition:  false
2016-03-01 10:04:40,309 - FileResourceLoader : adding path '.'
2016-03-01 10:04:40,316 - ResourceCache: initialized (class org.apache.velocity.runtime.resource.ResourceCacheImpl)
2016-03-01 10:04:40,317 - Loaded System Directive: org.apache.velocity.runtime.directive.Literal
2016-03-01 10:04:40,318 - Loaded System Directive: org.apache.velocity.runtime.directive.Macro
2016-03-01 10:04:40,318 - Loaded System Directive: org.apache.velocity.runtime.directive.Parse
2016-03-01 10:04:40,319 - Loaded System Directive: org.apache.velocity.runtime.directive.Include
2016-03-01 10:04:40,320 - Loaded System Directive: org.apache.velocity.runtime.directive.Foreach
2016-03-01 10:04:40,340 - Created '20' parsers.
2016-03-01 10:04:40,345 - Velocimacro : "velocimacro.library" is not set.  Trying default library: VM_global_library.vm
2016-03-01 10:04:40,345 - Velocimacro : Default library not found.
2016-03-01 10:04:40,346 - Velocimacro : allowInline = true : VMs can be defined inline in templates
2016-03-01 10:04:40,346 - Velocimacro : allowInlineToOverride = false : VMs defined inline may NOT replace previous VM definitions
2016-03-01 10:04:40,346 - Velocimacro : allowInlineLocal = false : VMs defined inline will be global in scope if allowed.
2016-03-01 10:04:40,346 - Velocimacro : autoload off : VM system will not automatically reload global library macros
2016-03-01 10:05:55,977 - Log4JLogChute initialized using file 'velocity.log'
2016-03-01 10:05:55,977 - Starting Apache Velocity v1.5 (compiled: 2007-02-22 08:52:29)
2016-03-01 10:05:55,977 - Default Properties File: org/apache/velocity/runtime/defaults/velocity.properties
2016-03-01 10:05:55,977 - Trying to use logger class org.apache.velocity.runtime.log.AvalonLogChute
2016-03-01 10:05:55,978 - Couldn't find class org.apache.velocity.runtime.log.AvalonLogChute or necessary supporting classes in classpath.
java.lang.NoClassDefFoundError: org/apache/log/format/Formatter
	at java.lang.Class.forName0(Native Method)
	at java.lang.Class.forName(Class.java:270)
	at org.apache.velocity.util.ClassUtils.getClass(ClassUtils.java:63)
	at org.apache.velocity.util.ClassUtils.getNewInstance(ClassUtils.java:95)
	at org.apache.velocity.runtime.log.LogManager.createLogChute(LogManager.java:147)
	at org.apache.velocity.runtime.log.LogManager.updateLog(LogManager.java:208)
	at org.apache.velocity.runtime.RuntimeInstance.initializeLog(RuntimeInstance.java:728)
	at org.apache.velocity.runtime.RuntimeInstance.init(RuntimeInstance.java:240)
	at org.apache.velocity.runtime.RuntimeSingleton.init(RuntimeSingleton.java:113)
	at org.apache.velocity.app.Velocity.init(Velocity.java:83)
	at com.zizaike.core.common.util.http.VelocityUtils.getSOAPRequest(VelocityUtils.java:100)
	at com.zizaike.core.common.util.http.SoapFastUtil.post(SoapFastUtil.java:51)
	at com.zizaike.open.service.CtripConnectionTest.getMappingInfo(CtripConnectionTest.java:247)
	at sun.reflect.NativeMethodAccessorImpl.invoke0(Native Method)
	at sun.reflect.NativeMethodAccessorImpl.invoke(NativeMethodAccessorImpl.java:57)
	at sun.reflect.DelegatingMethodAccessorImpl.invoke(DelegatingMethodAccessorImpl.java:43)
	at java.lang.reflect.Method.invoke(Method.java:606)
	at org.testng.internal.MethodInvocationHelper.invokeMethod(MethodInvocationHelper.java:84)
	at org.testng.internal.MethodInvocationHelper$1.runTestMethod(MethodInvocationHelper.java:200)
	at org.springframework.test.context.testng.AbstractTestNGSpringContextTests.run(AbstractTestNGSpringContextTests.java:172)
	at sun.reflect.NativeMethodAccessorImpl.invoke0(Native Method)
	at sun.reflect.NativeMethodAccessorImpl.invoke(NativeMethodAccessorImpl.java:57)
	at sun.reflect.DelegatingMethodAccessorImpl.invoke(DelegatingMethodAccessorImpl.java:43)
	at java.lang.reflect.Method.invoke(Method.java:606)
	at org.testng.internal.MethodInvocationHelper.invokeHookable(MethodInvocationHelper.java:212)
	at org.testng.internal.Invoker.invokeMethod(Invoker.java:707)
	at org.testng.internal.Invoker.invokeTestMethod(Invoker.java:901)
	at org.testng.internal.Invoker.invokeTestMethods(Invoker.java:1231)
	at org.testng.internal.TestMethodWorker.invokeTestMethods(TestMethodWorker.java:127)
	at org.testng.internal.TestMethodWorker.run(TestMethodWorker.java:111)
	at org.testng.TestRunner.privateRun(TestRunner.java:767)
	at org.testng.TestRunner.run(TestRunner.java:617)
	at org.testng.SuiteRunner.runTest(SuiteRunner.java:334)
	at org.testng.SuiteRunner.runSequentially(SuiteRunner.java:329)
	at org.testng.SuiteRunner.privateRun(SuiteRunner.java:291)
	at org.testng.SuiteRunner.run(SuiteRunner.java:240)
	at org.testng.SuiteRunnerWorker.runSuite(SuiteRunnerWorker.java:52)
	at org.testng.SuiteRunnerWorker.run(SuiteRunnerWorker.java:86)
	at org.testng.TestNG.runSuitesSequentially(TestNG.java:1224)
	at org.testng.TestNG.runSuitesLocally(TestNG.java:1149)
	at org.testng.TestNG.run(TestNG.java:1057)
	at org.testng.remote.RemoteTestNG.run(RemoteTestNG.java:111)
	at org.testng.remote.RemoteTestNG.initAndRun(RemoteTestNG.java:204)
	at org.testng.remote.RemoteTestNG.main(RemoteTestNG.java:175)
Caused by: java.lang.ClassNotFoundException: org.apache.log.format.Formatter
	at java.net.URLClassLoader$1.run(URLClassLoader.java:366)
	at java.net.URLClassLoader$1.run(URLClassLoader.java:355)
	at java.security.AccessController.doPrivileged(Native Method)
	at java.net.URLClassLoader.findClass(URLClassLoader.java:354)
	at java.lang.ClassLoader.loadClass(ClassLoader.java:425)
	at sun.misc.Launcher$AppClassLoader.loadClass(Launcher.java:308)
	at java.lang.ClassLoader.loadClass(ClassLoader.java:358)
	... 44 more
2016-03-01 10:05:55,979 - Trying to use logger class org.apache.velocity.runtime.log.Log4JLogChute
2016-03-01 10:05:55,979 - Using logger class org.apache.velocity.runtime.log.Log4JLogChute
2016-03-01 10:05:55,981 - Default ResourceManager initializing. (class org.apache.velocity.runtime.resource.ResourceManagerImpl)
2016-03-01 10:05:55,991 - ResourceLoader instantiated: org.apache.velocity.runtime.resource.loader.FileResourceLoader
2016-03-01 10:05:55,992 - Do unicode file recognition:  false
2016-03-01 10:05:55,992 - FileResourceLoader : adding path '.'
2016-03-01 10:05:56,001 - ResourceCache: initialized (class org.apache.velocity.runtime.resource.ResourceCacheImpl)
2016-03-01 10:05:56,002 - Loaded System Directive: org.apache.velocity.runtime.directive.Literal
2016-03-01 10:05:56,003 - Loaded System Directive: org.apache.velocity.runtime.directive.Macro
2016-03-01 10:05:56,004 - Loaded System Directive: org.apache.velocity.runtime.directive.Parse
2016-03-01 10:05:56,005 - Loaded System Directive: org.apache.velocity.runtime.directive.Include
2016-03-01 10:05:56,005 - Loaded System Directive: org.apache.velocity.runtime.directive.Foreach
2016-03-01 10:05:56,024 - Created '20' parsers.
2016-03-01 10:05:56,028 - Velocimacro : "velocimacro.library" is not set.  Trying default library: VM_global_library.vm
2016-03-01 10:05:56,028 - Velocimacro : Default library not found.
2016-03-01 10:05:56,028 - Velocimacro : allowInline = true : VMs can be defined inline in templates
2016-03-01 10:05:56,028 - Velocimacro : allowInlineToOverride = false : VMs defined inline may NOT replace previous VM definitions
2016-03-01 10:05:56,028 - Velocimacro : allowInlineLocal = false : VMs defined inline will be global in scope if allowed.
2016-03-01 10:05:56,028 - Velocimacro : autoload off : VM system will not automatically reload global library macros
2016-03-01 10:05:56,039 - Null reference [template 'GC', line 9, column 35] : ${getMappingInfoType} cannot be resolved.
2016-03-01 10:05:56,042 - Null reference [template 'GC', line 13, column 38] : ${hotel.id} cannot be resolved.
2016-03-01 10:09:42,595 - Log4JLogChute initialized using file 'velocity.log'
2016-03-01 10:09:42,596 - Starting Apache Velocity v1.5 (compiled: 2007-02-22 08:52:29)
2016-03-01 10:09:42,597 - Default Properties File: org/apache/velocity/runtime/defaults/velocity.properties
2016-03-01 10:09:42,597 - Trying to use logger class org.apache.velocity.runtime.log.AvalonLogChute
2016-03-01 10:09:42,597 - Couldn't find class org.apache.velocity.runtime.log.AvalonLogChute or necessary supporting classes in classpath.
java.lang.NoClassDefFoundError: org/apache/log/format/Formatter
	at java.lang.Class.forName0(Native Method)
	at java.lang.Class.forName(Class.java:270)
	at org.apache.velocity.util.ClassUtils.getClass(ClassUtils.java:63)
	at org.apache.velocity.util.ClassUtils.getNewInstance(ClassUtils.java:95)
	at org.apache.velocity.runtime.log.LogManager.createLogChute(LogManager.java:147)
	at org.apache.velocity.runtime.log.LogManager.updateLog(LogManager.java:208)
	at org.apache.velocity.runtime.RuntimeInstance.initializeLog(RuntimeInstance.java:728)
	at org.apache.velocity.runtime.RuntimeInstance.init(RuntimeInstance.java:240)
	at org.apache.velocity.runtime.RuntimeSingleton.init(RuntimeSingleton.java:113)
	at org.apache.velocity.app.Velocity.init(Velocity.java:83)
	at com.zizaike.core.common.util.http.VelocityUtils.getSOAPRequest(VelocityUtils.java:100)
	at com.zizaike.core.common.util.http.SoapFastUtil.post(SoapFastUtil.java:51)
	at com.zizaike.open.service.CtripConnectionTest.getMappingInfo(CtripConnectionTest.java:247)
	at sun.reflect.NativeMethodAccessorImpl.invoke0(Native Method)
	at sun.reflect.NativeMethodAccessorImpl.invoke(NativeMethodAccessorImpl.java:57)
	at sun.reflect.DelegatingMethodAccessorImpl.invoke(DelegatingMethodAccessorImpl.java:43)
	at java.lang.reflect.Method.invoke(Method.java:606)
	at org.testng.internal.MethodInvocationHelper.invokeMethod(MethodInvocationHelper.java:84)
	at org.testng.internal.MethodInvocationHelper$1.runTestMethod(MethodInvocationHelper.java:200)
	at org.springframework.test.context.testng.AbstractTestNGSpringContextTests.run(AbstractTestNGSpringContextTests.java:172)
	at sun.reflect.NativeMethodAccessorImpl.invoke0(Native Method)
	at sun.reflect.NativeMethodAccessorImpl.invoke(NativeMethodAccessorImpl.java:57)
	at sun.reflect.DelegatingMethodAccessorImpl.invoke(DelegatingMethodAccessorImpl.java:43)
	at java.lang.reflect.Method.invoke(Method.java:606)
	at org.testng.internal.MethodInvocationHelper.invokeHookable(MethodInvocationHelper.java:212)
	at org.testng.internal.Invoker.invokeMethod(Invoker.java:707)
	at org.testng.internal.Invoker.invokeTestMethod(Invoker.java:901)
	at org.testng.internal.Invoker.invokeTestMethods(Invoker.java:1231)
	at org.testng.internal.TestMethodWorker.invokeTestMethods(TestMethodWorker.java:127)
	at org.testng.internal.TestMethodWorker.run(TestMethodWorker.java:111)
	at org.testng.TestRunner.privateRun(TestRunner.java:767)
	at org.testng.TestRunner.run(TestRunner.java:617)
	at org.testng.SuiteRunner.runTest(SuiteRunner.java:334)
	at org.testng.SuiteRunner.runSequentially(SuiteRunner.java:329)
	at org.testng.SuiteRunner.privateRun(SuiteRunner.java:291)
	at org.testng.SuiteRunner.run(SuiteRunner.java:240)
	at org.testng.SuiteRunnerWorker.runSuite(SuiteRunnerWorker.java:52)
	at org.testng.SuiteRunnerWorker.run(SuiteRunnerWorker.java:86)
	at org.testng.TestNG.runSuitesSequentially(TestNG.java:1224)
	at org.testng.TestNG.runSuitesLocally(TestNG.java:1149)
	at org.testng.TestNG.run(TestNG.java:1057)
	at org.testng.remote.RemoteTestNG.run(RemoteTestNG.java:111)
	at org.testng.remote.RemoteTestNG.initAndRun(RemoteTestNG.java:204)
	at org.testng.remote.RemoteTestNG.main(RemoteTestNG.java:175)
Caused by: java.lang.ClassNotFoundException: org.apache.log.format.Formatter
	at java.net.URLClassLoader$1.run(URLClassLoader.java:366)
	at java.net.URLClassLoader$1.run(URLClassLoader.java:355)
	at java.security.AccessController.doPrivileged(Native Method)
	at java.net.URLClassLoader.findClass(URLClassLoader.java:354)
	at java.lang.ClassLoader.loadClass(ClassLoader.java:425)
	at sun.misc.Launcher$AppClassLoader.loadClass(Launcher.java:308)
	at java.lang.ClassLoader.loadClass(ClassLoader.java:358)
	... 44 more
2016-03-01 10:09:42,599 - Trying to use logger class org.apache.velocity.runtime.log.Log4JLogChute
2016-03-01 10:09:42,599 - Using logger class org.apache.velocity.runtime.log.Log4JLogChute
2016-03-01 10:09:42,600 - Default ResourceManager initializing. (class org.apache.velocity.runtime.resource.ResourceManagerImpl)
2016-03-01 10:09:42,603 - ResourceLoader instantiated: org.apache.velocity.runtime.resource.loader.FileResourceLoader
2016-03-01 10:09:42,604 - Do unicode file recognition:  false
2016-03-01 10:09:42,604 - FileResourceLoader : adding path '.'
2016-03-01 10:09:42,613 - ResourceCache: initialized (class org.apache.velocity.runtime.resource.ResourceCacheImpl)
2016-03-01 10:09:42,614 - Loaded System Directive: org.apache.velocity.runtime.directive.Literal
2016-03-01 10:09:42,615 - Loaded System Directive: org.apache.velocity.runtime.directive.Macro
2016-03-01 10:09:42,616 - Loaded System Directive: org.apache.velocity.runtime.directive.Parse
2016-03-01 10:09:42,617 - Loaded System Directive: org.apache.velocity.runtime.directive.Include
2016-03-01 10:09:42,617 - Loaded System Directive: org.apache.velocity.runtime.directive.Foreach
2016-03-01 10:09:42,636 - Created '20' parsers.
2016-03-01 10:09:42,641 - Velocimacro : "velocimacro.library" is not set.  Trying default library: VM_global_library.vm
2016-03-01 10:09:42,641 - Velocimacro : Default library not found.
2016-03-01 10:09:42,641 - Velocimacro : allowInline = true : VMs can be defined inline in templates
2016-03-01 10:09:42,641 - Velocimacro : allowInlineToOverride = false : VMs defined inline may NOT replace previous VM definitions
2016-03-01 10:09:42,641 - Velocimacro : allowInlineLocal = false : VMs defined inline will be global in scope if allowed.
2016-03-01 10:09:42,641 - Velocimacro : autoload off : VM system will not automatically reload global library macros
2016-03-01 10:09:42,654 - Null reference [template 'GC', line 9, column 35] : ${getMappingInfoType} cannot be resolved.
2016-03-01 10:09:42,658 - Null reference [template 'GC', line 13, column 38] : ${hotel.id} cannot be resolved.
2016-03-01 10:12:02,661 - Log4JLogChute initialized using file 'velocity.log'
2016-03-01 10:12:02,661 - Starting Apache Velocity v1.5 (compiled: 2007-02-22 08:52:29)
2016-03-01 10:12:02,661 - Default Properties File: org/apache/velocity/runtime/defaults/velocity.properties
2016-03-01 10:12:02,661 - Trying to use logger class org.apache.velocity.runtime.log.AvalonLogChute
2016-03-01 10:12:02,662 - Couldn't find class org.apache.velocity.runtime.log.AvalonLogChute or necessary supporting classes in classpath.
java.lang.NoClassDefFoundError: org/apache/log/format/Formatter
	at java.lang.Class.forName0(Native Method)
	at java.lang.Class.forName(Class.java:270)
	at org.apache.velocity.util.ClassUtils.getClass(ClassUtils.java:63)
	at org.apache.velocity.util.ClassUtils.getNewInstance(ClassUtils.java:95)
	at org.apache.velocity.runtime.log.LogManager.createLogChute(LogManager.java:147)
	at org.apache.velocity.runtime.log.LogManager.updateLog(LogManager.java:208)
	at org.apache.velocity.runtime.RuntimeInstance.initializeLog(RuntimeInstance.java:728)
	at org.apache.velocity.runtime.RuntimeInstance.init(RuntimeInstance.java:240)
	at org.apache.velocity.runtime.RuntimeSingleton.init(RuntimeSingleton.java:113)
	at org.apache.velocity.app.Velocity.init(Velocity.java:83)
	at com.zizaike.core.common.util.http.VelocityUtils.getSOAPRequest(VelocityUtils.java:100)
	at com.zizaike.core.common.util.http.SoapFastUtil.post(SoapFastUtil.java:51)
	at com.zizaike.open.service.CtripConnectionTest.setRoomInfo(CtripConnectionTest.java:167)
	at sun.reflect.NativeMethodAccessorImpl.invoke0(Native Method)
	at sun.reflect.NativeMethodAccessorImpl.invoke(NativeMethodAccessorImpl.java:57)
	at sun.reflect.DelegatingMethodAccessorImpl.invoke(DelegatingMethodAccessorImpl.java:43)
	at java.lang.reflect.Method.invoke(Method.java:606)
	at org.testng.internal.MethodInvocationHelper.invokeMethod(MethodInvocationHelper.java:84)
	at org.testng.internal.MethodInvocationHelper$1.runTestMethod(MethodInvocationHelper.java:200)
	at org.springframework.test.context.testng.AbstractTestNGSpringContextTests.run(AbstractTestNGSpringContextTests.java:172)
	at sun.reflect.NativeMethodAccessorImpl.invoke0(Native Method)
	at sun.reflect.NativeMethodAccessorImpl.invoke(NativeMethodAccessorImpl.java:57)
	at sun.reflect.DelegatingMethodAccessorImpl.invoke(DelegatingMethodAccessorImpl.java:43)
	at java.lang.reflect.Method.invoke(Method.java:606)
	at org.testng.internal.MethodInvocationHelper.invokeHookable(MethodInvocationHelper.java:212)
	at org.testng.internal.Invoker.invokeMethod(Invoker.java:707)
	at org.testng.internal.Invoker.invokeTestMethod(Invoker.java:901)
	at org.testng.internal.Invoker.invokeTestMethods(Invoker.java:1231)
	at org.testng.internal.TestMethodWorker.invokeTestMethods(TestMethodWorker.java:127)
	at org.testng.internal.TestMethodWorker.run(TestMethodWorker.java:111)
	at org.testng.TestRunner.privateRun(TestRunner.java:767)
	at org.testng.TestRunner.run(TestRunner.java:617)
	at org.testng.SuiteRunner.runTest(SuiteRunner.java:334)
	at org.testng.SuiteRunner.runSequentially(SuiteRunner.java:329)
	at org.testng.SuiteRunner.privateRun(SuiteRunner.java:291)
	at org.testng.SuiteRunner.run(SuiteRunner.java:240)
	at org.testng.SuiteRunnerWorker.runSuite(SuiteRunnerWorker.java:52)
	at org.testng.SuiteRunnerWorker.run(SuiteRunnerWorker.java:86)
	at org.testng.TestNG.runSuitesSequentially(TestNG.java:1224)
	at org.testng.TestNG.runSuitesLocally(TestNG.java:1149)
	at org.testng.TestNG.run(TestNG.java:1057)
	at org.testng.remote.RemoteTestNG.run(RemoteTestNG.java:111)
	at org.testng.remote.RemoteTestNG.initAndRun(RemoteTestNG.java:204)
	at org.testng.remote.RemoteTestNG.main(RemoteTestNG.java:175)
Caused by: java.lang.ClassNotFoundException: org.apache.log.format.Formatter
	at java.net.URLClassLoader$1.run(URLClassLoader.java:366)
	at java.net.URLClassLoader$1.run(URLClassLoader.java:355)
	at java.security.AccessController.doPrivileged(Native Method)
	at java.net.URLClassLoader.findClass(URLClassLoader.java:354)
	at java.lang.ClassLoader.loadClass(ClassLoader.java:425)
	at sun.misc.Launcher$AppClassLoader.loadClass(Launcher.java:308)
	at java.lang.ClassLoader.loadClass(ClassLoader.java:358)
	... 44 more
2016-03-01 10:12:02,664 - Trying to use logger class org.apache.velocity.runtime.log.Log4JLogChute
2016-03-01 10:12:02,664 - Using logger class org.apache.velocity.runtime.log.Log4JLogChute
2016-03-01 10:12:02,665 - Default ResourceManager initializing. (class org.apache.velocity.runtime.resource.ResourceManagerImpl)
2016-03-01 10:12:02,667 - ResourceLoader instantiated: org.apache.velocity.runtime.resource.loader.FileResourceLoader
2016-03-01 10:12:02,668 - Do unicode file recognition:  false
2016-03-01 10:12:02,668 - FileResourceLoader : adding path '.'
2016-03-01 10:12:02,676 - ResourceCache: initialized (class org.apache.velocity.runtime.resource.ResourceCacheImpl)
2016-03-01 10:12:02,678 - Loaded System Directive: org.apache.velocity.runtime.directive.Literal
2016-03-01 10:12:02,679 - Loaded System Directive: org.apache.velocity.runtime.directive.Macro
2016-03-01 10:12:02,679 - Loaded System Directive: org.apache.velocity.runtime.directive.Parse
2016-03-01 10:12:02,680 - Loaded System Directive: org.apache.velocity.runtime.directive.Include
2016-03-01 10:12:02,681 - Loaded System Directive: org.apache.velocity.runtime.directive.Foreach
2016-03-01 10:12:02,700 - Created '20' parsers.
2016-03-01 10:12:02,704 - Velocimacro : "velocimacro.library" is not set.  Trying default library: VM_global_library.vm
2016-03-01 10:12:02,705 - Velocimacro : Default library not found.
2016-03-01 10:12:02,705 - Velocimacro : allowInline = true : VMs can be defined inline in templates
2016-03-01 10:12:02,705 - Velocimacro : allowInlineToOverride = false : VMs defined inline may NOT replace previous VM definitions
2016-03-01 10:12:02,705 - Velocimacro : allowInlineLocal = false : VMs defined inline will be global in scope if allowed.
2016-03-01 10:12:02,705 - Velocimacro : autoload off : VM system will not automatically reload global library macros
2016-03-01 10:12:02,723 - Null reference [template 'GC', line 29, column 59] : $roomInfoItem.roomstatus cannot be resolved.
2016-03-01 10:12:02,723 - Null reference [template 'GC', line 29, column 59] : $roomInfoItem.roomstatus cannot be resolved.
2016-03-01 10:12:21,607 - Log4JLogChute initialized using file 'velocity.log'
2016-03-01 10:12:21,607 - Starting Apache Velocity v1.5 (compiled: 2007-02-22 08:52:29)
2016-03-01 10:12:21,608 - Default Properties File: org/apache/velocity/runtime/defaults/velocity.properties
2016-03-01 10:12:21,608 - Trying to use logger class org.apache.velocity.runtime.log.AvalonLogChute
2016-03-01 10:12:21,608 - Couldn't find class org.apache.velocity.runtime.log.AvalonLogChute or necessary supporting classes in classpath.
java.lang.NoClassDefFoundError: org/apache/log/format/Formatter
	at java.lang.Class.forName0(Native Method)
	at java.lang.Class.forName(Class.java:270)
	at org.apache.velocity.util.ClassUtils.getClass(ClassUtils.java:63)
	at org.apache.velocity.util.ClassUtils.getNewInstance(ClassUtils.java:95)
	at org.apache.velocity.runtime.log.LogManager.createLogChute(LogManager.java:147)
	at org.apache.velocity.runtime.log.LogManager.updateLog(LogManager.java:208)
	at org.apache.velocity.runtime.RuntimeInstance.initializeLog(RuntimeInstance.java:728)
	at org.apache.velocity.runtime.RuntimeInstance.init(RuntimeInstance.java:240)
	at org.apache.velocity.runtime.RuntimeSingleton.init(RuntimeSingleton.java:113)
	at org.apache.velocity.app.Velocity.init(Velocity.java:83)
	at com.zizaike.core.common.util.http.VelocityUtils.getSOAPRequest(VelocityUtils.java:100)
	at com.zizaike.core.common.util.http.SoapFastUtil.post(SoapFastUtil.java:51)
	at com.zizaike.open.service.CtripConnectionTest.setRoomInfo(CtripConnectionTest.java:167)
	at sun.reflect.NativeMethodAccessorImpl.invoke0(Native Method)
	at sun.reflect.NativeMethodAccessorImpl.invoke(NativeMethodAccessorImpl.java:57)
	at sun.reflect.DelegatingMethodAccessorImpl.invoke(DelegatingMethodAccessorImpl.java:43)
	at java.lang.reflect.Method.invoke(Method.java:606)
	at org.testng.internal.MethodInvocationHelper.invokeMethod(MethodInvocationHelper.java:84)
	at org.testng.internal.MethodInvocationHelper$1.runTestMethod(MethodInvocationHelper.java:200)
	at org.springframework.test.context.testng.AbstractTestNGSpringContextTests.run(AbstractTestNGSpringContextTests.java:172)
	at sun.reflect.NativeMethodAccessorImpl.invoke0(Native Method)
	at sun.reflect.NativeMethodAccessorImpl.invoke(NativeMethodAccessorImpl.java:57)
	at sun.reflect.DelegatingMethodAccessorImpl.invoke(DelegatingMethodAccessorImpl.java:43)
	at java.lang.reflect.Method.invoke(Method.java:606)
	at org.testng.internal.MethodInvocationHelper.invokeHookable(MethodInvocationHelper.java:212)
	at org.testng.internal.Invoker.invokeMethod(Invoker.java:707)
	at org.testng.internal.Invoker.invokeTestMethod(Invoker.java:901)
	at org.testng.internal.Invoker.invokeTestMethods(Invoker.java:1231)
	at org.testng.internal.TestMethodWorker.invokeTestMethods(TestMethodWorker.java:127)
	at org.testng.internal.TestMethodWorker.run(TestMethodWorker.java:111)
	at org.testng.TestRunner.privateRun(TestRunner.java:767)
	at org.testng.TestRunner.run(TestRunner.java:617)
	at org.testng.SuiteRunner.runTest(SuiteRunner.java:334)
	at org.testng.SuiteRunner.runSequentially(SuiteRunner.java:329)
	at org.testng.SuiteRunner.privateRun(SuiteRunner.java:291)
	at org.testng.SuiteRunner.run(SuiteRunner.java:240)
	at org.testng.SuiteRunnerWorker.runSuite(SuiteRunnerWorker.java:52)
	at org.testng.SuiteRunnerWorker.run(SuiteRunnerWorker.java:86)
	at org.testng.TestNG.runSuitesSequentially(TestNG.java:1224)
	at org.testng.TestNG.runSuitesLocally(TestNG.java:1149)
	at org.testng.TestNG.run(TestNG.java:1057)
	at org.testng.remote.RemoteTestNG.run(RemoteTestNG.java:111)
	at org.testng.remote.RemoteTestNG.initAndRun(RemoteTestNG.java:204)
	at org.testng.remote.RemoteTestNG.main(RemoteTestNG.java:175)
Caused by: java.lang.ClassNotFoundException: org.apache.log.format.Formatter
	at java.net.URLClassLoader$1.run(URLClassLoader.java:366)
	at java.net.URLClassLoader$1.run(URLClassLoader.java:355)
	at java.security.AccessController.doPrivileged(Native Method)
	at java.net.URLClassLoader.findClass(URLClassLoader.java:354)
	at java.lang.ClassLoader.loadClass(ClassLoader.java:425)
	at sun.misc.Launcher$AppClassLoader.loadClass(Launcher.java:308)
	at java.lang.ClassLoader.loadClass(ClassLoader.java:358)
	... 44 more
2016-03-01 10:12:21,610 - Trying to use logger class org.apache.velocity.runtime.log.Log4JLogChute
2016-03-01 10:12:21,610 - Using logger class org.apache.velocity.runtime.log.Log4JLogChute
2016-03-01 10:12:21,611 - Default ResourceManager initializing. (class org.apache.velocity.runtime.resource.ResourceManagerImpl)
2016-03-01 10:12:21,613 - ResourceLoader instantiated: org.apache.velocity.runtime.resource.loader.FileResourceLoader
2016-03-01 10:12:21,614 - Do unicode file recognition:  false
2016-03-01 10:12:21,614 - FileResourceLoader : adding path '.'
2016-03-01 10:12:21,622 - ResourceCache: initialized (class org.apache.velocity.runtime.resource.ResourceCacheImpl)
2016-03-01 10:12:21,623 - Loaded System Directive: org.apache.velocity.runtime.directive.Literal
2016-03-01 10:12:21,625 - Loaded System Directive: org.apache.velocity.runtime.directive.Macro
2016-03-01 10:12:21,626 - Loaded System Directive: org.apache.velocity.runtime.directive.Parse
2016-03-01 10:12:21,627 - Loaded System Directive: org.apache.velocity.runtime.directive.Include
2016-03-01 10:12:21,628 - Loaded System Directive: org.apache.velocity.runtime.directive.Foreach
2016-03-01 10:12:21,648 - Created '20' parsers.
2016-03-01 10:12:21,652 - Velocimacro : "velocimacro.library" is not set.  Trying default library: VM_global_library.vm
2016-03-01 10:12:21,653 - Velocimacro : Default library not found.
2016-03-01 10:12:21,653 - Velocimacro : allowInline = true : VMs can be defined inline in templates
2016-03-01 10:12:21,653 - Velocimacro : allowInlineToOverride = false : VMs defined inline may NOT replace previous VM definitions
2016-03-01 10:12:21,653 - Velocimacro : allowInlineLocal = false : VMs defined inline will be global in scope if allowed.
2016-03-01 10:12:21,653 - Velocimacro : autoload off : VM system will not automatically reload global library macros
2016-03-01 10:12:21,670 - Null reference [template 'GC', line 29, column 59] : $roomInfoItem.roomstatus cannot be resolved.
2016-03-01 10:12:21,671 - Null reference [template 'GC', line 29, column 59] : $roomInfoItem.roomstatus cannot be resolved.
2016-03-01 10:12:58,992 - Log4JLogChute initialized using file 'velocity.log'
2016-03-01 10:12:58,992 - Starting Apache Velocity v1.5 (compiled: 2007-02-22 08:52:29)
2016-03-01 10:12:58,992 - Default Properties File: org/apache/velocity/runtime/defaults/velocity.properties
2016-03-01 10:12:58,992 - Trying to use logger class org.apache.velocity.runtime.log.AvalonLogChute
2016-03-01 10:12:58,993 - Couldn't find class org.apache.velocity.runtime.log.AvalonLogChute or necessary supporting classes in classpath.
java.lang.NoClassDefFoundError: org/apache/log/format/Formatter
	at java.lang.Class.forName0(Native Method)
	at java.lang.Class.forName(Class.java:270)
	at org.apache.velocity.util.ClassUtils.getClass(ClassUtils.java:63)
	at org.apache.velocity.util.ClassUtils.getNewInstance(ClassUtils.java:95)
	at org.apache.velocity.runtime.log.LogManager.createLogChute(LogManager.java:147)
	at org.apache.velocity.runtime.log.LogManager.updateLog(LogManager.java:208)
	at org.apache.velocity.runtime.RuntimeInstance.initializeLog(RuntimeInstance.java:728)
	at org.apache.velocity.runtime.RuntimeInstance.init(RuntimeInstance.java:240)
	at org.apache.velocity.runtime.RuntimeSingleton.init(RuntimeSingleton.java:113)
	at org.apache.velocity.app.Velocity.init(Velocity.java:83)
	at com.zizaike.core.common.util.http.VelocityUtils.getSOAPRequest(VelocityUtils.java:100)
	at com.zizaike.core.common.util.http.SoapFastUtil.post(SoapFastUtil.java:51)
	at com.zizaike.open.service.CtripConnectionTest.getMappingInfo(CtripConnectionTest.java:247)
	at sun.reflect.NativeMethodAccessorImpl.invoke0(Native Method)
	at sun.reflect.NativeMethodAccessorImpl.invoke(NativeMethodAccessorImpl.java:57)
	at sun.reflect.DelegatingMethodAccessorImpl.invoke(DelegatingMethodAccessorImpl.java:43)
	at java.lang.reflect.Method.invoke(Method.java:606)
	at org.testng.internal.MethodInvocationHelper.invokeMethod(MethodInvocationHelper.java:84)
	at org.testng.internal.MethodInvocationHelper$1.runTestMethod(MethodInvocationHelper.java:200)
	at org.springframework.test.context.testng.AbstractTestNGSpringContextTests.run(AbstractTestNGSpringContextTests.java:172)
	at sun.reflect.NativeMethodAccessorImpl.invoke0(Native Method)
	at sun.reflect.NativeMethodAccessorImpl.invoke(NativeMethodAccessorImpl.java:57)
	at sun.reflect.DelegatingMethodAccessorImpl.invoke(DelegatingMethodAccessorImpl.java:43)
	at java.lang.reflect.Method.invoke(Method.java:606)
	at org.testng.internal.MethodInvocationHelper.invokeHookable(MethodInvocationHelper.java:212)
	at org.testng.internal.Invoker.invokeMethod(Invoker.java:707)
	at org.testng.internal.Invoker.invokeTestMethod(Invoker.java:901)
	at org.testng.internal.Invoker.invokeTestMethods(Invoker.java:1231)
	at org.testng.internal.TestMethodWorker.invokeTestMethods(TestMethodWorker.java:127)
	at org.testng.internal.TestMethodWorker.run(TestMethodWorker.java:111)
	at org.testng.TestRunner.privateRun(TestRunner.java:767)
	at org.testng.TestRunner.run(TestRunner.java:617)
	at org.testng.SuiteRunner.runTest(SuiteRunner.java:334)
	at org.testng.SuiteRunner.runSequentially(SuiteRunner.java:329)
	at org.testng.SuiteRunner.privateRun(SuiteRunner.java:291)
	at org.testng.SuiteRunner.run(SuiteRunner.java:240)
	at org.testng.SuiteRunnerWorker.runSuite(SuiteRunnerWorker.java:52)
	at org.testng.SuiteRunnerWorker.run(SuiteRunnerWorker.java:86)
	at org.testng.TestNG.runSuitesSequentially(TestNG.java:1224)
	at org.testng.TestNG.runSuitesLocally(TestNG.java:1149)
	at org.testng.TestNG.run(TestNG.java:1057)
	at org.testng.remote.RemoteTestNG.run(RemoteTestNG.java:111)
	at org.testng.remote.RemoteTestNG.initAndRun(RemoteTestNG.java:204)
	at org.testng.remote.RemoteTestNG.main(RemoteTestNG.java:175)
Caused by: java.lang.ClassNotFoundException: org.apache.log.format.Formatter
	at java.net.URLClassLoader$1.run(URLClassLoader.java:366)
	at java.net.URLClassLoader$1.run(URLClassLoader.java:355)
	at java.security.AccessController.doPrivileged(Native Method)
	at java.net.URLClassLoader.findClass(URLClassLoader.java:354)
	at java.lang.ClassLoader.loadClass(ClassLoader.java:425)
	at sun.misc.Launcher$AppClassLoader.loadClass(Launcher.java:308)
	at java.lang.ClassLoader.loadClass(ClassLoader.java:358)
	... 44 more
2016-03-01 10:12:58,994 - Trying to use logger class org.apache.velocity.runtime.log.Log4JLogChute
2016-03-01 10:12:58,994 - Using logger class org.apache.velocity.runtime.log.Log4JLogChute
2016-03-01 10:12:58,995 - Default ResourceManager initializing. (class org.apache.velocity.runtime.resource.ResourceManagerImpl)
2016-03-01 10:12:58,997 - ResourceLoader instantiated: org.apache.velocity.runtime.resource.loader.FileResourceLoader
2016-03-01 10:12:58,998 - Do unicode file recognition:  false
2016-03-01 10:12:58,998 - FileResourceLoader : adding path '.'
2016-03-01 10:12:59,007 - ResourceCache: initialized (class org.apache.velocity.runtime.resource.ResourceCacheImpl)
2016-03-01 10:12:59,008 - Loaded System Directive: org.apache.velocity.runtime.directive.Literal
2016-03-01 10:12:59,008 - Loaded System Directive: org.apache.velocity.runtime.directive.Macro
2016-03-01 10:12:59,009 - Loaded System Directive: org.apache.velocity.runtime.directive.Parse
2016-03-01 10:12:59,010 - Loaded System Directive: org.apache.velocity.runtime.directive.Include
2016-03-01 10:12:59,011 - Loaded System Directive: org.apache.velocity.runtime.directive.Foreach
2016-03-01 10:12:59,031 - Created '20' parsers.
2016-03-01 10:12:59,036 - Velocimacro : "velocimacro.library" is not set.  Trying default library: VM_global_library.vm
2016-03-01 10:12:59,036 - Velocimacro : Default library not found.
2016-03-01 10:12:59,036 - Velocimacro : allowInline = true : VMs can be defined inline in templates
2016-03-01 10:12:59,036 - Velocimacro : allowInlineToOverride = false : VMs defined inline may NOT replace previous VM definitions
2016-03-01 10:12:59,036 - Velocimacro : allowInlineLocal = false : VMs defined inline will be global in scope if allowed.
2016-03-01 10:12:59,036 - Velocimacro : autoload off : VM system will not automatically reload global library macros
2016-03-01 10:12:59,055 - Null reference [template 'GC', line 9, column 35] : ${getMappingInfoType} cannot be resolved.
2016-03-01 10:12:59,058 - Null reference [template 'GC', line 13, column 38] : ${hotel.id} cannot be resolved.
2016-03-01 10:15:25,552 - Log4JLogChute initialized using file 'velocity.log'
2016-03-01 10:15:25,552 - Starting Apache Velocity v1.5 (compiled: 2007-02-22 08:52:29)
2016-03-01 10:15:25,552 - Default Properties File: org/apache/velocity/runtime/defaults/velocity.properties
2016-03-01 10:15:25,552 - Trying to use logger class org.apache.velocity.runtime.log.AvalonLogChute
2016-03-01 10:15:25,553 - Couldn't find class org.apache.velocity.runtime.log.AvalonLogChute or necessary supporting classes in classpath.
java.lang.NoClassDefFoundError: org/apache/log/format/Formatter
	at java.lang.Class.forName0(Native Method)
	at java.lang.Class.forName(Class.java:270)
	at org.apache.velocity.util.ClassUtils.getClass(ClassUtils.java:63)
	at org.apache.velocity.util.ClassUtils.getNewInstance(ClassUtils.java:95)
	at org.apache.velocity.runtime.log.LogManager.createLogChute(LogManager.java:147)
	at org.apache.velocity.runtime.log.LogManager.updateLog(LogManager.java:208)
	at org.apache.velocity.runtime.RuntimeInstance.initializeLog(RuntimeInstance.java:728)
	at org.apache.velocity.runtime.RuntimeInstance.init(RuntimeInstance.java:240)
	at org.apache.velocity.runtime.RuntimeSingleton.init(RuntimeSingleton.java:113)
	at org.apache.velocity.app.Velocity.init(Velocity.java:83)
	at com.zizaike.core.common.util.http.VelocityUtils.getSOAPRequest(VelocityUtils.java:100)
	at com.zizaike.core.common.util.http.SoapFastUtil.post(SoapFastUtil.java:51)
	at com.zizaike.open.service.CtripConnectionTest.getMappingInfo(CtripConnectionTest.java:247)
	at sun.reflect.NativeMethodAccessorImpl.invoke0(Native Method)
	at sun.reflect.NativeMethodAccessorImpl.invoke(NativeMethodAccessorImpl.java:57)
	at sun.reflect.DelegatingMethodAccessorImpl.invoke(DelegatingMethodAccessorImpl.java:43)
	at java.lang.reflect.Method.invoke(Method.java:606)
	at org.testng.internal.MethodInvocationHelper.invokeMethod(MethodInvocationHelper.java:84)
	at org.testng.internal.MethodInvocationHelper$1.runTestMethod(MethodInvocationHelper.java:200)
	at org.springframework.test.context.testng.AbstractTestNGSpringContextTests.run(AbstractTestNGSpringContextTests.java:172)
	at sun.reflect.NativeMethodAccessorImpl.invoke0(Native Method)
	at sun.reflect.NativeMethodAccessorImpl.invoke(NativeMethodAccessorImpl.java:57)
	at sun.reflect.DelegatingMethodAccessorImpl.invoke(DelegatingMethodAccessorImpl.java:43)
	at java.lang.reflect.Method.invoke(Method.java:606)
	at org.testng.internal.MethodInvocationHelper.invokeHookable(MethodInvocationHelper.java:212)
	at org.testng.internal.Invoker.invokeMethod(Invoker.java:707)
	at org.testng.internal.Invoker.invokeTestMethod(Invoker.java:901)
	at org.testng.internal.Invoker.invokeTestMethods(Invoker.java:1231)
	at org.testng.internal.TestMethodWorker.invokeTestMethods(TestMethodWorker.java:127)
	at org.testng.internal.TestMethodWorker.run(TestMethodWorker.java:111)
	at org.testng.TestRunner.privateRun(TestRunner.java:767)
	at org.testng.TestRunner.run(TestRunner.java:617)
	at org.testng.SuiteRunner.runTest(SuiteRunner.java:334)
	at org.testng.SuiteRunner.runSequentially(SuiteRunner.java:329)
	at org.testng.SuiteRunner.privateRun(SuiteRunner.java:291)
	at org.testng.SuiteRunner.run(SuiteRunner.java:240)
	at org.testng.SuiteRunnerWorker.runSuite(SuiteRunnerWorker.java:52)
	at org.testng.SuiteRunnerWorker.run(SuiteRunnerWorker.java:86)
	at org.testng.TestNG.runSuitesSequentially(TestNG.java:1224)
	at org.testng.TestNG.runSuitesLocally(TestNG.java:1149)
	at org.testng.TestNG.run(TestNG.java:1057)
	at org.testng.remote.RemoteTestNG.run(RemoteTestNG.java:111)
	at org.testng.remote.RemoteTestNG.initAndRun(RemoteTestNG.java:204)
	at org.testng.remote.RemoteTestNG.main(RemoteTestNG.java:175)
Caused by: java.lang.ClassNotFoundException: org.apache.log.format.Formatter
	at java.net.URLClassLoader$1.run(URLClassLoader.java:366)
	at java.net.URLClassLoader$1.run(URLClassLoader.java:355)
	at java.security.AccessController.doPrivileged(Native Method)
	at java.net.URLClassLoader.findClass(URLClassLoader.java:354)
	at java.lang.ClassLoader.loadClass(ClassLoader.java:425)
	at sun.misc.Launcher$AppClassLoader.loadClass(Launcher.java:308)
	at java.lang.ClassLoader.loadClass(ClassLoader.java:358)
	... 44 more
2016-03-01 10:15:25,554 - Trying to use logger class org.apache.velocity.runtime.log.Log4JLogChute
2016-03-01 10:15:25,554 - Using logger class org.apache.velocity.runtime.log.Log4JLogChute
2016-03-01 10:15:25,556 - Default ResourceManager initializing. (class org.apache.velocity.runtime.resource.ResourceManagerImpl)
2016-03-01 10:15:25,558 - ResourceLoader instantiated: org.apache.velocity.runtime.resource.loader.FileResourceLoader
2016-03-01 10:15:25,559 - Do unicode file recognition:  false
2016-03-01 10:15:25,559 - FileResourceLoader : adding path '.'
2016-03-01 10:15:25,567 - ResourceCache: initialized (class org.apache.velocity.runtime.resource.ResourceCacheImpl)
2016-03-01 10:15:25,568 - Loaded System Directive: org.apache.velocity.runtime.directive.Literal
2016-03-01 10:15:25,569 - Loaded System Directive: org.apache.velocity.runtime.directive.Macro
2016-03-01 10:15:25,570 - Loaded System Directive: org.apache.velocity.runtime.directive.Parse
2016-03-01 10:15:25,570 - Loaded System Directive: org.apache.velocity.runtime.directive.Include
2016-03-01 10:15:25,571 - Loaded System Directive: org.apache.velocity.runtime.directive.Foreach
2016-03-01 10:15:25,597 - Created '20' parsers.
2016-03-01 10:15:25,602 - Velocimacro : "velocimacro.library" is not set.  Trying default library: VM_global_library.vm
2016-03-01 10:15:25,602 - Velocimacro : Default library not found.
2016-03-01 10:15:25,602 - Velocimacro : allowInline = true : VMs can be defined inline in templates
2016-03-01 10:15:25,603 - Velocimacro : allowInlineToOverride = false : VMs defined inline may NOT replace previous VM definitions
2016-03-01 10:15:25,603 - Velocimacro : allowInlineLocal = false : VMs defined inline will be global in scope if allowed.
2016-03-01 10:15:25,603 - Velocimacro : autoload off : VM system will not automatically reload global library macros
2016-03-01 10:15:25,612 - Null reference [template 'GC', line 9, column 35] : ${getMappingInfoType} cannot be resolved.
2016-03-01 10:15:25,617 - Null reference [template 'GC', line 13, column 38] : $hotel.id cannot be resolved.
2016-03-01 10:19:32,165 - Log4JLogChute initialized using file 'velocity.log'
2016-03-01 10:19:32,165 - Starting Apache Velocity v1.5 (compiled: 2007-02-22 08:52:29)
2016-03-01 10:19:32,165 - Default Properties File: org/apache/velocity/runtime/defaults/velocity.properties
2016-03-01 10:19:32,165 - Trying to use logger class org.apache.velocity.runtime.log.AvalonLogChute
2016-03-01 10:19:32,166 - Couldn't find class org.apache.velocity.runtime.log.AvalonLogChute or necessary supporting classes in classpath.
java.lang.NoClassDefFoundError: org/apache/log/format/Formatter
	at java.lang.Class.forName0(Native Method)
	at java.lang.Class.forName(Class.java:270)
	at org.apache.velocity.util.ClassUtils.getClass(ClassUtils.java:63)
	at org.apache.velocity.util.ClassUtils.getNewInstance(ClassUtils.java:95)
	at org.apache.velocity.runtime.log.LogManager.createLogChute(LogManager.java:147)
	at org.apache.velocity.runtime.log.LogManager.updateLog(LogManager.java:208)
	at org.apache.velocity.runtime.RuntimeInstance.initializeLog(RuntimeInstance.java:728)
	at org.apache.velocity.runtime.RuntimeInstance.init(RuntimeInstance.java:240)
	at org.apache.velocity.runtime.RuntimeSingleton.init(RuntimeSingleton.java:113)
	at org.apache.velocity.app.Velocity.init(Velocity.java:83)
	at com.zizaike.core.common.util.http.VelocityUtils.getSOAPRequest(VelocityUtils.java:100)
	at com.zizaike.core.common.util.http.SoapFastUtil.post(SoapFastUtil.java:51)
	at com.zizaike.open.service.CtripConnectionTest.getMappingInfo(CtripConnectionTest.java:247)
	at sun.reflect.NativeMethodAccessorImpl.invoke0(Native Method)
	at sun.reflect.NativeMethodAccessorImpl.invoke(NativeMethodAccessorImpl.java:57)
	at sun.reflect.DelegatingMethodAccessorImpl.invoke(DelegatingMethodAccessorImpl.java:43)
	at java.lang.reflect.Method.invoke(Method.java:606)
	at org.testng.internal.MethodInvocationHelper.invokeMethod(MethodInvocationHelper.java:84)
	at org.testng.internal.MethodInvocationHelper$1.runTestMethod(MethodInvocationHelper.java:200)
	at org.springframework.test.context.testng.AbstractTestNGSpringContextTests.run(AbstractTestNGSpringContextTests.java:172)
	at sun.reflect.NativeMethodAccessorImpl.invoke0(Native Method)
	at sun.reflect.NativeMethodAccessorImpl.invoke(NativeMethodAccessorImpl.java:57)
	at sun.reflect.DelegatingMethodAccessorImpl.invoke(DelegatingMethodAccessorImpl.java:43)
	at java.lang.reflect.Method.invoke(Method.java:606)
	at org.testng.internal.MethodInvocationHelper.invokeHookable(MethodInvocationHelper.java:212)
	at org.testng.internal.Invoker.invokeMethod(Invoker.java:707)
	at org.testng.internal.Invoker.invokeTestMethod(Invoker.java:901)
	at org.testng.internal.Invoker.invokeTestMethods(Invoker.java:1231)
	at org.testng.internal.TestMethodWorker.invokeTestMethods(TestMethodWorker.java:127)
	at org.testng.internal.TestMethodWorker.run(TestMethodWorker.java:111)
	at org.testng.TestRunner.privateRun(TestRunner.java:767)
	at org.testng.TestRunner.run(TestRunner.java:617)
	at org.testng.SuiteRunner.runTest(SuiteRunner.java:334)
	at org.testng.SuiteRunner.runSequentially(SuiteRunner.java:329)
	at org.testng.SuiteRunner.privateRun(SuiteRunner.java:291)
	at org.testng.SuiteRunner.run(SuiteRunner.java:240)
	at org.testng.SuiteRunnerWorker.runSuite(SuiteRunnerWorker.java:52)
	at org.testng.SuiteRunnerWorker.run(SuiteRunnerWorker.java:86)
	at org.testng.TestNG.runSuitesSequentially(TestNG.java:1224)
	at org.testng.TestNG.runSuitesLocally(TestNG.java:1149)
	at org.testng.TestNG.run(TestNG.java:1057)
	at org.testng.remote.RemoteTestNG.run(RemoteTestNG.java:111)
	at org.testng.remote.RemoteTestNG.initAndRun(RemoteTestNG.java:204)
	at org.testng.remote.RemoteTestNG.main(RemoteTestNG.java:175)
Caused by: java.lang.ClassNotFoundException: org.apache.log.format.Formatter
	at java.net.URLClassLoader$1.run(URLClassLoader.java:366)
	at java.net.URLClassLoader$1.run(URLClassLoader.java:355)
	at java.security.AccessController.doPrivileged(Native Method)
	at java.net.URLClassLoader.findClass(URLClassLoader.java:354)
	at java.lang.ClassLoader.loadClass(ClassLoader.java:425)
	at sun.misc.Launcher$AppClassLoader.loadClass(Launcher.java:308)
	at java.lang.ClassLoader.loadClass(ClassLoader.java:358)
	... 44 more
2016-03-01 10:19:32,167 - Trying to use logger class org.apache.velocity.runtime.log.Log4JLogChute
2016-03-01 10:19:32,167 - Using logger class org.apache.velocity.runtime.log.Log4JLogChute
2016-03-01 10:19:32,168 - Default ResourceManager initializing. (class org.apache.velocity.runtime.resource.ResourceManagerImpl)
2016-03-01 10:19:32,171 - ResourceLoader instantiated: org.apache.velocity.runtime.resource.loader.FileResourceLoader
2016-03-01 10:19:32,172 - Do unicode file recognition:  false
2016-03-01 10:19:32,172 - FileResourceLoader : adding path '.'
2016-03-01 10:19:32,180 - ResourceCache: initialized (class org.apache.velocity.runtime.resource.ResourceCacheImpl)
2016-03-01 10:19:32,181 - Loaded System Directive: org.apache.velocity.runtime.directive.Literal
2016-03-01 10:19:32,182 - Loaded System Directive: org.apache.velocity.runtime.directive.Macro
2016-03-01 10:19:32,183 - Loaded System Directive: org.apache.velocity.runtime.directive.Parse
2016-03-01 10:19:32,184 - Loaded System Directive: org.apache.velocity.runtime.directive.Include
2016-03-01 10:19:32,184 - Loaded System Directive: org.apache.velocity.runtime.directive.Foreach
2016-03-01 10:19:32,205 - Created '20' parsers.
2016-03-01 10:19:32,209 - Velocimacro : "velocimacro.library" is not set.  Trying default library: VM_global_library.vm
2016-03-01 10:19:32,209 - Velocimacro : Default library not found.
2016-03-01 10:19:32,209 - Velocimacro : allowInline = true : VMs can be defined inline in templates
2016-03-01 10:19:32,209 - Velocimacro : allowInlineToOverride = false : VMs defined inline may NOT replace previous VM definitions
2016-03-01 10:19:32,210 - Velocimacro : allowInlineLocal = false : VMs defined inline will be global in scope if allowed.
2016-03-01 10:19:32,210 - Velocimacro : autoload off : VM system will not automatically reload global library macros
2016-03-01 10:19:32,220 - Null reference [template 'GC', line 9, column 35] : ${getMappingInfoType} cannot be resolved.
2016-03-01 10:20:30,246 - Log4JLogChute initialized using file 'velocity.log'
2016-03-01 10:20:30,246 - Starting Apache Velocity v1.5 (compiled: 2007-02-22 08:52:29)
2016-03-01 10:20:30,246 - Default Properties File: org/apache/velocity/runtime/defaults/velocity.properties
2016-03-01 10:20:30,246 - Trying to use logger class org.apache.velocity.runtime.log.AvalonLogChute
2016-03-01 10:20:30,247 - Couldn't find class org.apache.velocity.runtime.log.AvalonLogChute or necessary supporting classes in classpath.
java.lang.NoClassDefFoundError: org/apache/log/format/Formatter
	at java.lang.Class.forName0(Native Method)
	at java.lang.Class.forName(Class.java:270)
	at org.apache.velocity.util.ClassUtils.getClass(ClassUtils.java:63)
	at org.apache.velocity.util.ClassUtils.getNewInstance(ClassUtils.java:95)
	at org.apache.velocity.runtime.log.LogManager.createLogChute(LogManager.java:147)
	at org.apache.velocity.runtime.log.LogManager.updateLog(LogManager.java:208)
	at org.apache.velocity.runtime.RuntimeInstance.initializeLog(RuntimeInstance.java:728)
	at org.apache.velocity.runtime.RuntimeInstance.init(RuntimeInstance.java:240)
	at org.apache.velocity.runtime.RuntimeSingleton.init(RuntimeSingleton.java:113)
	at org.apache.velocity.app.Velocity.init(Velocity.java:83)
	at com.zizaike.core.common.util.http.VelocityUtils.getSOAPRequest(VelocityUtils.java:100)
	at com.zizaike.core.common.util.http.SoapFastUtil.post(SoapFastUtil.java:51)
	at com.zizaike.open.service.CtripConnectionTest.getMappingInfo(CtripConnectionTest.java:248)
	at sun.reflect.NativeMethodAccessorImpl.invoke0(Native Method)
	at sun.reflect.NativeMethodAccessorImpl.invoke(NativeMethodAccessorImpl.java:57)
	at sun.reflect.DelegatingMethodAccessorImpl.invoke(DelegatingMethodAccessorImpl.java:43)
	at java.lang.reflect.Method.invoke(Method.java:606)
	at org.testng.internal.MethodInvocationHelper.invokeMethod(MethodInvocationHelper.java:84)
	at org.testng.internal.MethodInvocationHelper$1.runTestMethod(MethodInvocationHelper.java:200)
	at org.springframework.test.context.testng.AbstractTestNGSpringContextTests.run(AbstractTestNGSpringContextTests.java:172)
	at sun.reflect.NativeMethodAccessorImpl.invoke0(Native Method)
	at sun.reflect.NativeMethodAccessorImpl.invoke(NativeMethodAccessorImpl.java:57)
	at sun.reflect.DelegatingMethodAccessorImpl.invoke(DelegatingMethodAccessorImpl.java:43)
	at java.lang.reflect.Method.invoke(Method.java:606)
	at org.testng.internal.MethodInvocationHelper.invokeHookable(MethodInvocationHelper.java:212)
	at org.testng.internal.Invoker.invokeMethod(Invoker.java:707)
	at org.testng.internal.Invoker.invokeTestMethod(Invoker.java:901)
	at org.testng.internal.Invoker.invokeTestMethods(Invoker.java:1231)
	at org.testng.internal.TestMethodWorker.invokeTestMethods(TestMethodWorker.java:127)
	at org.testng.internal.TestMethodWorker.run(TestMethodWorker.java:111)
	at org.testng.TestRunner.privateRun(TestRunner.java:767)
	at org.testng.TestRunner.run(TestRunner.java:617)
	at org.testng.SuiteRunner.runTest(SuiteRunner.java:334)
	at org.testng.SuiteRunner.runSequentially(SuiteRunner.java:329)
	at org.testng.SuiteRunner.privateRun(SuiteRunner.java:291)
	at org.testng.SuiteRunner.run(SuiteRunner.java:240)
	at org.testng.SuiteRunnerWorker.runSuite(SuiteRunnerWorker.java:52)
	at org.testng.SuiteRunnerWorker.run(SuiteRunnerWorker.java:86)
	at org.testng.TestNG.runSuitesSequentially(TestNG.java:1224)
	at org.testng.TestNG.runSuitesLocally(TestNG.java:1149)
	at org.testng.TestNG.run(TestNG.java:1057)
	at org.testng.remote.RemoteTestNG.run(RemoteTestNG.java:111)
	at org.testng.remote.RemoteTestNG.initAndRun(RemoteTestNG.java:204)
	at org.testng.remote.RemoteTestNG.main(RemoteTestNG.java:175)
Caused by: java.lang.ClassNotFoundException: org.apache.log.format.Formatter
	at java.net.URLClassLoader$1.run(URLClassLoader.java:366)
	at java.net.URLClassLoader$1.run(URLClassLoader.java:355)
	at java.security.AccessController.doPrivileged(Native Method)
	at java.net.URLClassLoader.findClass(URLClassLoader.java:354)
	at java.lang.ClassLoader.loadClass(ClassLoader.java:425)
	at sun.misc.Launcher$AppClassLoader.loadClass(Launcher.java:308)
	at java.lang.ClassLoader.loadClass(ClassLoader.java:358)
	... 44 more
2016-03-01 10:20:30,248 - Trying to use logger class org.apache.velocity.runtime.log.Log4JLogChute
2016-03-01 10:20:30,248 - Using logger class org.apache.velocity.runtime.log.Log4JLogChute
2016-03-01 10:20:30,250 - Default ResourceManager initializing. (class org.apache.velocity.runtime.resource.ResourceManagerImpl)
2016-03-01 10:20:30,252 - ResourceLoader instantiated: org.apache.velocity.runtime.resource.loader.FileResourceLoader
2016-03-01 10:20:30,253 - Do unicode file recognition:  false
2016-03-01 10:20:30,253 - FileResourceLoader : adding path '.'
2016-03-01 10:20:30,261 - ResourceCache: initialized (class org.apache.velocity.runtime.resource.ResourceCacheImpl)
2016-03-01 10:20:30,262 - Loaded System Directive: org.apache.velocity.runtime.directive.Literal
2016-03-01 10:20:30,263 - Loaded System Directive: org.apache.velocity.runtime.directive.Macro
2016-03-01 10:20:30,264 - Loaded System Directive: org.apache.velocity.runtime.directive.Parse
2016-03-01 10:20:30,265 - Loaded System Directive: org.apache.velocity.runtime.directive.Include
2016-03-01 10:20:30,265 - Loaded System Directive: org.apache.velocity.runtime.directive.Foreach
2016-03-01 10:20:30,283 - Created '20' parsers.
2016-03-01 10:20:30,287 - Velocimacro : "velocimacro.library" is not set.  Trying default library: VM_global_library.vm
2016-03-01 10:20:30,287 - Velocimacro : Default library not found.
2016-03-01 10:20:30,287 - Velocimacro : allowInline = true : VMs can be defined inline in templates
2016-03-01 10:20:30,287 - Velocimacro : allowInlineToOverride = false : VMs defined inline may NOT replace previous VM definitions
2016-03-01 10:20:30,287 - Velocimacro : allowInlineLocal = false : VMs defined inline will be global in scope if allowed.
2016-03-01 10:20:30,287 - Velocimacro : autoload off : VM system will not automatically reload global library macros
